0 verbose cli C:\Program Files\nodejs\node.exe C:\Users\Fardin Bin Taher\AppData\Roaming\npm\node_modules\npm\bin\npm-cli.js
1 info using npm@8.10.0
2 info using node@v18.2.0
3 timing npm:load:whichnode Completed in 0ms
4 timing config:load:defaults Completed in 1ms
5 timing config:load:file:C:\Users\Fardin Bin Taher\AppData\Roaming\npm\node_modules\npm\npmrc Completed in 4ms
6 timing config:load:builtin Completed in 4ms
7 timing config:load:cli Completed in 2ms
8 timing config:load:env Completed in 1ms
9 timing config:load:project Completed in 4ms
10 timing config:load:file:C:\Users\Fardin Bin Taher\.npmrc Completed in 0ms
11 timing config:load:user Completed in 1ms
12 timing config:load:file:C:\Users\Fardin Bin Taher\AppData\Roaming\npm\etc\npmrc Completed in 1ms
13 timing config:load:global Completed in 1ms
14 timing config:load:validate Completed in 1ms
15 timing config:load:credentials Completed in 2ms
16 timing config:load:setEnvs Completed in 1ms
17 timing config:load Completed in 19ms
18 timing npm:load:configload Completed in 20ms
19 timing npm:load:mkdirpcache Completed in 1ms
20 timing npm:load:mkdirplogs Completed in 0ms
21 verbose title npm run rebuild
22 verbose argv "run" "rebuild"
23 timing npm:load:setTitle Completed in 2ms
24 timing config:load:flatten Completed in 3ms
25 timing npm:load:display Completed in 4ms
26 verbose logfile logs-max:10 dir:E:\Baust\baust-hall\_logs
27 verbose logfile E:\Baust\baust-hall\_logs\2022-05-23T01_15_06_226Z-debug-0.log
28 timing npm:load:logFile Completed in 8ms
29 timing npm:load:timers Completed in 0ms
30 timing npm:load:configScope Completed in 0ms
31 timing npm:load Completed in 36ms
32 silly logfile start cleaning logs, removing 2 files
33 silly logfile done cleaning log files
34 timing command:run Completed in 1430ms
35 verbose exit 1
36 timing npm Completed in 1481ms
37 verbose code 1
